\BOOKMARK [1][-]{section.0.1}{\277Qu\351 es lo que estoy leyendo?}{}% 1
\BOOKMARK [-1][-]{part.1}{I Los Reales}{}% 2
\BOOKMARK [0][-]{chapter.1}{Conozcamos a los Reales}{part.1}% 3
\BOOKMARK [1][-]{section.1.1}{Axiomas de los Reales}{chapter.1}% 4
\BOOKMARK [2][-]{subsection.1.1.1}{Axiomas de Operaciones}{section.1.1}% 5
\BOOKMARK [2][-]{subsection.1.1.2}{Consecuencias y Propiedades}{section.1.1}% 6
\BOOKMARK [1][-]{section.1.2}{Resta y Divisi\363n}{chapter.1}% 7
\BOOKMARK [2][-]{subsection.1.2.1}{Consecuencias y Propiedades}{section.1.2}% 8
\BOOKMARK [1][-]{section.1.3}{Tricotom\355a y Orden}{chapter.1}% 9
\BOOKMARK [2][-]{subsection.1.3.1}{Definici\363n}{section.1.3}% 10
\BOOKMARK [2][-]{subsection.1.3.2}{Consecuencias y Propiedades}{section.1.3}% 11
\BOOKMARK [1][-]{section.1.4}{Potencias y Ra\355ces}{chapter.1}% 12
\BOOKMARK [2][-]{subsection.1.4.1}{Funci\363n Absoluto}{section.1.4}% 13
\BOOKMARK [2][-]{subsection.1.4.2}{Definici\363n}{section.1.4}% 14
\BOOKMARK [2][-]{subsection.1.4.3}{Consecuencias y Propiedades}{section.1.4}% 15
\BOOKMARK [1][-]{section.1.5}{M\341ximo y M\355nimo}{chapter.1}% 16
\BOOKMARK [2][-]{subsection.1.5.1}{Definici\363n}{section.1.5}% 17
\BOOKMARK [2][-]{subsection.1.5.2}{Consecuencias y Propiedades}{section.1.5}% 18
\BOOKMARK [-1][-]{part.2}{II Funciones y L\355mites}{}% 19
\BOOKMARK [0][-]{chapter.2}{Funciones}{part.2}% 20
\BOOKMARK [1][-]{section.2.1}{Definici\363n}{chapter.2}% 21
\BOOKMARK [2][-]{subsection.2.1.1}{Ideas Importantes}{section.2.1}% 22
\BOOKMARK [1][-]{section.2.2}{Caracteristicas de Funciones}{chapter.2}% 23
\BOOKMARK [0][-]{chapter.3}{L\355mites}{part.2}% 24
\BOOKMARK [1][-]{section.3.1}{L\355mites Interesantes}{chapter.3}% 25
\BOOKMARK [2][-]{subsection.3.1.1}{lmx 0 \040repstopdfsin\( x \)x}{section.3.1}% 26
\BOOKMARK [2][-]{subsection.3.1.2}{lmx 0 \040repstopdfcos\( x \) - 1x}{section.3.1}% 27
\BOOKMARK [-1][-]{part.3}{III C\341lculo Diferencial}{}% 28
\BOOKMARK [-1][-]{part.4}{IV C\341lculo Integral}{}% 29
\BOOKMARK [0][-]{chapter.4}{Integrales Impropias}{part.4}% 30
\BOOKMARK [1][-]{section.4.1}{Integrales Impropias}{chapter.4}% 31
\BOOKMARK [1][-]{section.4.2}{Tipo 1: Intervalos Infinitos}{chapter.4}% 32
\BOOKMARK [1][-]{section.4.3}{Tipo 2: Funciones Discontinuas}{chapter.4}% 33
\BOOKMARK [-1][-]{part.5}{V CheatSeet}{}% 34
\BOOKMARK [0][-]{chapter.5}{Reales}{part.5}% 35
\BOOKMARK [1][-]{section.5.1}{Axiomas}{chapter.5}% 36
\BOOKMARK [1][-]{section.5.2}{Resta y Divisi\363n}{chapter.5}% 37
\BOOKMARK [1][-]{section.5.3}{Tricotom\355a y Orden}{chapter.5}% 38
